This is pdfTeX, Version 3.141592653-2.6-1.40.24 (TeX Live 2022/Arch Linux) (preloaded format=pdflatex 2022.5.13)  31 AUG 2022 15:19
entering extended mode
 restricted \write18 enabled.
 file:line:error style messages enabled.
 %&-line parsing enabled.
**/home/espinosa/GoogleDrive/fractalius/computacion_slides/4_software_SO/pres.tex
(/home/espinosa/GoogleDrive/fractalius/computacion_slides/4_software_SO/pres.tex
LaTeX2e <2021-11-15> patch level 1
L3 programming layer <2022-04-10> (/usr/share/texmf-dist/tex/latex/beamer/beamer.cls
Document Class: beamer 2022/02/08 v3.66 A class for typesetting presentations
(/usr/share/texmf-dist/tex/latex/beamer/beamerbasemodes.sty (/usr/share/texmf-dist/tex/latex/etoolbox/etoolbox.sty
Package: etoolbox 2020/10/05 v2.5k e-TeX tools for LaTeX (JAW)
\etb@tempcnta=\count185
)
\beamer@tempbox=\box50
\beamer@tempcount=\count186
\c@beamerpauses=\count187
 (/usr/share/texmf-dist/tex/latex/beamer/beamerbasedecode.sty
\beamer@slideinframe=\count188
\beamer@minimum=\count189
\beamer@decode@box=\box51
)
\beamer@commentbox=\box52
\beamer@modecount=\count190
) (/usr/share/texmf-dist/tex/generic/iftex/iftex.sty
Package: iftex 2022/02/03 v1.0f TeX engine tests
)
\headdp=\dimen138
\footheight=\dimen139
\sidebarheight=\dimen140
\beamer@tempdim=\dimen141
\beamer@finalheight=\dimen142
\beamer@animht=\dimen143
\beamer@animdp=\dimen144
\beamer@animwd=\dimen145
\beamer@leftmargin=\dimen146
\beamer@rightmargin=\dimen147
\beamer@leftsidebar=\dimen148
\beamer@rightsidebar=\dimen149
\beamer@boxsize=\dimen150
\beamer@vboxoffset=\dimen151
\beamer@descdefault=\dimen152
\beamer@descriptionwidth=\dimen153
\beamer@lastskip=\skip47
\beamer@areabox=\box53
\beamer@animcurrent=\box54
\beamer@animshowbox=\box55
\beamer@sectionbox=\box56
\beamer@logobox=\box57
\beamer@linebox=\box58
\beamer@sectioncount=\count191
\beamer@subsubsectionmax=\count192
\beamer@subsectionmax=\count193
\beamer@sectionmax=\count194
\beamer@totalheads=\count195
\beamer@headcounter=\count196
\beamer@partstartpage=\count197
\beamer@sectionstartpage=\count198
\beamer@subsectionstartpage=\count199
\beamer@animationtempa=\count266
\beamer@animationtempb=\count267
\beamer@xpos=\count268
\beamer@ypos=\count269
\beamer@ypos@offset=\count270
\beamer@showpartnumber=\count271
\beamer@currentsubsection=\count272
\beamer@coveringdepth=\count273
\beamer@sectionadjust=\count274
\beamer@toclastsection=\count275
\beamer@tocsectionnumber=\count276
 (/usr/share/texmf-dist/tex/latex/beamer/beamerbaseoptions.sty (/usr/share/texmf-dist/tex/latex/graphics/keyval.sty
Package: keyval 2014/10/28 v1.15 key=value parser (DPC)
\KV@toks@=\toks16
))
\beamer@paperwidth=\skip48
\beamer@paperheight=\skip49
 (/usr/share/texmf-dist/tex/latex/geometry/geometry.sty
Package: geometry 2020/01/02 v5.9 Page Geometry
 (/usr/share/texmf-dist/tex/generic/iftex/ifvtex.sty
Package: ifvtex 2019/10/25 v1.7 ifvtex legacy package. Use iftex instead.
)
\Gm@cnth=\count277
\Gm@cntv=\count278
\c@Gm@tempcnt=\count279
\Gm@bindingoffset=\dimen154
\Gm@wd@mp=\dimen155
\Gm@odd@mp=\dimen156
\Gm@even@mp=\dimen157
\Gm@layoutwidth=\dimen158
\Gm@layoutheight=\dimen159
\Gm@layouthoffset=\dimen160
\Gm@layoutvoffset=\dimen161
\Gm@dimlist=\toks17
) (/usr/share/texmf-dist/tex/latex/pgf/math/pgfmath.sty (/usr/share/texmf-dist/tex/latex/pgf/utilities/pgfrcs.sty (/usr/share/texmf-dist/tex/generic/pgf/utilities/pgfutil-common.tex
\pgfutil@everybye=\toks18
\pgfutil@tempdima=\dimen162
\pgfutil@tempdimb=\dimen163
 (/usr/share/texmf-dist/tex/generic/pgf/utilities/pgfutil-common-lists.tex)) (/usr/share/texmf-dist/tex/generic/pgf/utilities/pgfutil-latex.def
\pgfutil@abb=\box59
) (/usr/share/texmf-dist/tex/generic/pgf/utilities/pgfrcs.code.tex (/usr/share/texmf-dist/tex/generic/pgf/pgf.revision.tex)
Package: pgfrcs 2021/05/15 v3.1.9a (3.1.9a)
)) (/usr/share/texmf-dist/tex/latex/pgf/utilities/pgfkeys.sty (/usr/share/texmf-dist/tex/generic/pgf/utilities/pgfkeys.code.tex
\pgfkeys@pathtoks=\toks19
\pgfkeys@temptoks=\toks20
 (/usr/share/texmf-dist/tex/generic/pgf/utilities/pgfkeysfiltered.code.tex
\pgfkeys@tmptoks=\toks21
))) (/usr/share/texmf-dist/tex/generic/pgf/math/pgfmath.code.tex (/usr/share/texmf-dist/tex/generic/pgf/math/pgfmathcalc.code.tex (/usr/share/texmf-dist/tex/generic/pgf/math/pgfmathutil.code.tex
\pgf@x=\dimen164
\pgf@xa=\dimen165
\pgf@xb=\dimen166
\pgf@xc=\dimen167
\pgf@y=\dimen168
\pgf@ya=\dimen169
\pgf@yb=\dimen170
\pgf@yc=\dimen171
\c@pgf@counta=\count280
\c@pgf@countb=\count281
\c@pgf@countc=\count282
\c@pgf@countd=\count283
) (/usr/share/texmf-dist/tex/generic/pgf/math/pgfmathparser.code.tex
\pgfmath@dimen=\dimen172
\pgfmath@count=\count284
\pgfmath@box=\box60
\pgfmath@toks=\toks22
\pgfmath@stack@operand=\toks23
\pgfmath@stack@operation=\toks24
) (/usr/share/texmf-dist/tex/generic/pgf/math/pgfmathfunctions.code.tex (/usr/share/texmf-dist/tex/generic/pgf/math/pgfmathfunctions.basic.code.tex) (/usr/share/texmf-dist/tex/generic/pgf/math/pgfmathfunctions.trigonometric.code.tex) (/usr/share/texmf-dist/tex/generic/pgf/math/pgfmathfunctions.random.code.tex) (/usr/share/texmf-dist/tex/generic/pgf/math/pgfmathfunctions.comparison.code.tex) (/usr/share/texmf-dist/tex/generic/pgf/math/pgfmathfunctions.base.code.tex) (/usr/share/texmf-dist/tex/generic/pgf/math/pgfmathfunctions.round.code.tex) (/usr/share/texmf-dist/tex/generic/pgf/math/pgfmathfunctions.misc.code.tex) (/usr/share/texmf-dist/tex/generic/pgf/math/pgfmathfunctions.integerarithmetics.code.tex))) (/usr/share/texmf-dist/tex/generic/pgf/math/pgfmathfloat.code.tex
\c@pgfmathroundto@lastzeros=\count285
))) (/usr/share/texmf-dist/tex/latex/base/size11.clo
File: size11.clo 2021/10/04 v1.4n Standard LaTeX file (size option)
) (/usr/share/texmf-dist/tex/latex/pgf/basiclayer/pgfcore.sty (/usr/share/texmf-dist/tex/latex/graphics/graphicx.sty
Package: graphicx 2021/09/16 v1.2d Enhanced LaTeX Graphics (DPC,SPQR)
 (/usr/share/texmf-dist/tex/latex/graphics/graphics.sty
Package: graphics 2021/03/04 v1.4d Standard LaTeX Graphics (DPC,SPQR)
 (/usr/share/texmf-dist/tex/latex/graphics/trig.sty
Package: trig 2021/08/11 v1.11 sin cos tan (DPC)
) (/usr/share/texmf-dist/tex/latex/graphics-cfg/graphics.cfg
File: graphics.cfg 2016/06/04 v1.11 sample graphics configuration
)
Package graphics Info: Driver file: pdftex.def on input line 107.
 (/usr/share/texmf-dist/tex/latex/graphics-def/pdftex.def
File: pdftex.def 2020/10/05 v1.2a Graphics/color driver for pdftex
))
\Gin@req@height=\dimen173
\Gin@req@width=\dimen174
) (/usr/share/texmf-dist/tex/latex/pgf/systemlayer/pgfsys.sty (/usr/share/texmf-dist/tex/generic/pgf/systemlayer/pgfsys.code.tex
Package: pgfsys 2021/05/15 v3.1.9a (3.1.9a)
 (/usr/share/texmf-dist/tex/generic/pgf/utilities/pgfkeys.code.tex)
\pgf@x=\dimen175
\pgf@y=\dimen176
\pgf@xa=\dimen177
\pgf@ya=\dimen178
\pgf@xb=\dimen179
\pgf@yb=\dimen180
\pgf@xc=\dimen181
\pgf@yc=\dimen182
\pgf@xd=\dimen183
\pgf@yd=\dimen184
\w@pgf@writea=\write3
\r@pgf@reada=\read2
\c@pgf@counta=\count286
\c@pgf@countb=\count287
\c@pgf@countc=\count288
\c@pgf@countd=\count289
\t@pgf@toka=\toks25
\t@pgf@tokb=\toks26
\t@pgf@tokc=\toks27
\pgf@sys@id@count=\count290
 (/usr/share/texmf-dist/tex/generic/pgf/systemlayer/pgf.cfg
File: pgf.cfg 2021/05/15 v3.1.9a (3.1.9a)
)
Driver file for pgf: pgfsys-pdftex.def
 (/usr/share/texmf-dist/tex/generic/pgf/systemlayer/pgfsys-pdftex.def
File: pgfsys-pdftex.def 2021/05/15 v3.1.9a (3.1.9a)
 (/usr/share/texmf-dist/tex/generic/pgf/systemlayer/pgfsys-common-pdf.def
File: pgfsys-common-pdf.def 2021/05/15 v3.1.9a (3.1.9a)
))) (/usr/share/texmf-dist/tex/generic/pgf/systemlayer/pgfsyssoftpath.code.tex
File: pgfsyssoftpath.code.tex 2021/05/15 v3.1.9a (3.1.9a)
\pgfsyssoftpath@smallbuffer@items=\count291
\pgfsyssoftpath@bigbuffer@items=\count292
) (/usr/share/texmf-dist/tex/generic/pgf/systemlayer/pgfsysprotocol.code.tex
File: pgfsysprotocol.code.tex 2021/05/15 v3.1.9a (3.1.9a)
)) (/usr/share/texmf-dist/tex/latex/xcolor/xcolor.sty
Package: xcolor 2021/10/31 v2.13 LaTeX color extensions (UK)
 (/usr/share/texmf-dist/tex/latex/graphics-cfg/color.cfg
File: color.cfg 2016/01/02 v1.6 sample color configuration
)
Package xcolor Info: Driver file: pdftex.def on input line 227.
Package xcolor Info: Model `cmy' substituted by `cmy0' on input line 1352.
Package xcolor Info: Model `hsb' substituted by `rgb' on input line 1356.
Package xcolor Info: Model `RGB' extended on input line 1368.
Package xcolor Info: Model `HTML' substituted by `rgb' on input line 1370.
Package xcolor Info: Model `Hsb' substituted by `hsb' on input line 1371.
Package xcolor Info: Model `tHsb' substituted by `hsb' on input line 1372.
Package xcolor Info: Model `HSB' substituted by `hsb' on input line 1373.
Package xcolor Info: Model `Gray' substituted by `gray' on input line 1374.
Package xcolor Info: Model `wave' substituted by `hsb' on input line 1375.
) (/usr/share/texmf-dist/tex/generic/pgf/basiclayer/pgfcore.code.tex
Package: pgfcore 2021/05/15 v3.1.9a (3.1.9a)
 (/usr/share/texmf-dist/tex/generic/pgf/math/pgfmath.code.tex) (/usr/share/texmf-dist/tex/generic/pgf/math/pgfint.code.tex) (/usr/share/texmf-dist/tex/generic/pgf/basiclayer/pgfcorepoints.code.tex
File: pgfcorepoints.code.tex 2021/05/15 v3.1.9a (3.1.9a)
\pgf@picminx=\dimen185
\pgf@picmaxx=\dimen186
\pgf@picminy=\dimen187
\pgf@picmaxy=\dimen188
\pgf@pathminx=\dimen189
\pgf@pathmaxx=\dimen190
\pgf@pathminy=\dimen191
\pgf@pathmaxy=\dimen192
\pgf@xx=\dimen193
\pgf@xy=\dimen194
\pgf@yx=\dimen195
\pgf@yy=\dimen196
\pgf@zx=\dimen197
\pgf@zy=\dimen198
) (/usr/share/texmf-dist/tex/generic/pgf/basiclayer/pgfcorepathconstruct.code.tex
File: pgfcorepathconstruct.code.tex 2021/05/15 v3.1.9a (3.1.9a)
\pgf@path@lastx=\dimen199
\pgf@path@lasty=\dimen256
) (/usr/share/texmf-dist/tex/generic/pgf/basiclayer/pgfcorepathusage.code.tex
File: pgfcorepathusage.code.tex 2021/05/15 v3.1.9a (3.1.9a)
\pgf@shorten@end@additional=\dimen257
\pgf@shorten@start@additional=\dimen258
) (/usr/share/texmf-dist/tex/generic/pgf/basiclayer/pgfcorescopes.code.tex
File: pgfcorescopes.code.tex 2021/05/15 v3.1.9a (3.1.9a)
\pgfpic=\box61
\pgf@hbox=\box62
\pgf@layerbox@main=\box63
\pgf@picture@serial@count=\count293
) (/usr/share/texmf-dist/tex/generic/pgf/basiclayer/pgfcoregraphicstate.code.tex
File: pgfcoregraphicstate.code.tex 2021/05/15 v3.1.9a (3.1.9a)
\pgflinewidth=\dimen259
) (/usr/share/texmf-dist/tex/generic/pgf/basiclayer/pgfcoretransformations.code.tex
File: pgfcoretransformations.code.tex 2021/05/15 v3.1.9a (3.1.9a)
\pgf@pt@x=\dimen260
\pgf@pt@y=\dimen261
\pgf@pt@temp=\dimen262
) (/usr/share/texmf-dist/tex/generic/pgf/basiclayer/pgfcorequick.code.tex
File: pgfcorequick.code.tex 2021/05/15 v3.1.9a (3.1.9a)
) (/usr/share/texmf-dist/tex/generic/pgf/basiclayer/pgfcoreobjects.code.tex
File: pgfcoreobjects.code.tex 2021/05/15 v3.1.9a (3.1.9a)
) (/usr/share/texmf-dist/tex/generic/pgf/basiclayer/pgfcorepathprocessing.code.tex
File: pgfcorepathprocessing.code.tex 2021/05/15 v3.1.9a (3.1.9a)
) (/usr/share/texmf-dist/tex/generic/pgf/basiclayer/pgfcorearrows.code.tex
File: pgfcorearrows.code.tex 2021/05/15 v3.1.9a (3.1.9a)
\pgfarrowsep=\dimen263
) (/usr/share/texmf-dist/tex/generic/pgf/basiclayer/pgfcoreshade.code.tex
File: pgfcoreshade.code.tex 2021/05/15 v3.1.9a (3.1.9a)
\pgf@max=\dimen264
\pgf@sys@shading@range@num=\count294
\pgf@shadingcount=\count295
) (/usr/share/texmf-dist/tex/generic/pgf/basiclayer/pgfcoreimage.code.tex
File: pgfcoreimage.code.tex 2021/05/15 v3.1.9a (3.1.9a)
 (/usr/share/texmf-dist/tex/generic/pgf/basiclayer/pgfcoreexternal.code.tex
File: pgfcoreexternal.code.tex 2021/05/15 v3.1.9a (3.1.9a)
\pgfexternal@startupbox=\box64
)) (/usr/share/texmf-dist/tex/generic/pgf/basiclayer/pgfcorelayers.code.tex
File: pgfcorelayers.code.tex 2021/05/15 v3.1.9a (3.1.9a)
) (/usr/share/texmf-dist/tex/generic/pgf/basiclayer/pgfcoretransparency.code.tex
File: pgfcoretransparency.code.tex 2021/05/15 v3.1.9a (3.1.9a)
) (/usr/share/texmf-dist/tex/generic/pgf/basiclayer/pgfcorepatterns.code.tex
File: pgfcorepatterns.code.tex 2021/05/15 v3.1.9a (3.1.9a)
) (/usr/share/texmf-dist/tex/generic/pgf/basiclayer/pgfcorerdf.code.tex
File: pgfcorerdf.code.tex 2021/05/15 v3.1.9a (3.1.9a)
))) (/usr/share/texmf-dist/tex/latex/pgf/utilities/xxcolor.sty
Package: xxcolor 2003/10/24 ver 0.1
\XC@nummixins=\count296
\XC@countmixins=\count297
) (/usr/share/texmf-dist/tex/latex/base/atbegshi-ltx.sty
Package: atbegshi-ltx 2021/01/10 v1.0c Emulation of the original atbegshi
package with kernel methods
) (/usr/share/texmf-dist/tex/latex/hyperref/hyperref.sty
Package: hyperref 2022-02-21 v7.00n Hypertext links for LaTeX
 (/usr/share/texmf-dist/tex/generic/ltxcmds/ltxcmds.sty
Package: ltxcmds 2020-05-10 v1.25 LaTeX kernel commands for general use (HO)
) (/usr/share/texmf-dist/tex/generic/pdftexcmds/pdftexcmds.sty
Package: pdftexcmds 2020-06-27 v0.33 Utility functions of pdfTeX for LuaTeX (HO)
 (/usr/share/texmf-dist/tex/generic/infwarerr/infwarerr.sty
Package: infwarerr 2019/12/03 v1.5 Providing info/warning/error messages (HO)
)
Package pdftexcmds Info: \pdf@primitive is available.
Package pdftexcmds Info: \pdf@ifprimitive is available.
Package pdftexcmds Info: \pdfdraftmode found.
) (/usr/share/texmf-dist/tex/generic/kvsetkeys/kvsetkeys.sty
Package: kvsetkeys 2019/12/15 v1.18 Key value parser (HO)
) (/usr/share/texmf-dist/tex/generic/kvdefinekeys/kvdefinekeys.sty
Package: kvdefinekeys 2019-12-19 v1.6 Define keys (HO)
) (/usr/share/texmf-dist/tex/generic/pdfescape/pdfescape.sty
Package: pdfescape 2019/12/09 v1.15 Implements pdfTeX's escape features (HO)
) (/usr/share/texmf-dist/tex/latex/hycolor/hycolor.sty
Package: hycolor 2020-01-27 v1.10 Color options for hyperref/bookmark (HO)
) (/usr/share/texmf-dist/tex/latex/letltxmacro/letltxmacro.sty
Package: letltxmacro 2019/12/03 v1.6 Let assignment for LaTeX macros (HO)
) (/usr/share/texmf-dist/tex/latex/auxhook/auxhook.sty
Package: auxhook 2019-12-17 v1.6 Hooks for auxiliary files (HO)
) (/usr/share/texmf-dist/tex/latex/kvoptions/kvoptions.sty
Package: kvoptions 2020-10-07 v3.14 Key value format for package options (HO)
)
\@linkdim=\dimen265
\Hy@linkcounter=\count298
\Hy@pagecounter=\count299
 (/usr/share/texmf-dist/tex/latex/hyperref/pd1enc.def
File: pd1enc.def 2022-02-21 v7.00n Hyperref: PDFDocEncoding definition (HO)
Now handling font encoding PD1 ...
... no UTF-8 mapping file for font encoding PD1
) (/usr/share/texmf-dist/tex/generic/intcalc/intcalc.sty
Package: intcalc 2019/12/15 v1.3 Expandable calculations with integers (HO)
) (/usr/share/texmf-dist/tex/generic/etexcmds/etexcmds.sty
Package: etexcmds 2019/12/15 v1.7 Avoid name clashes with e-TeX commands (HO)
)
\Hy@SavedSpaceFactor=\count300
 (/usr/share/texmf-dist/tex/latex/hyperref/puenc.def
File: puenc.def 2022-02-21 v7.00n Hyperref: PDF Unicode definition (HO)
Now handling font encoding PU ...
... no UTF-8 mapping file for font encoding PU
)
Package hyperref Info: Option `bookmarks' set `true' on input line 4018.
Package hyperref Info: Option `bookmarksopen' set `true' on input line 4018.
Package hyperref Info: Option `implicit' set `false' on input line 4018.
Package hyperref Info: Hyper figures OFF on input line 4137.
Package hyperref Info: Link nesting OFF on input line 4142.
Package hyperref Info: Hyper index ON on input line 4145.
Package hyperref Info: Plain pages OFF on input line 4152.
Package hyperref Info: Backreferencing OFF on input line 4157.
Package hyperref Info: Implicit mode OFF; no redefinition of LaTeX internals.
Package hyperref Info: Bookmarks ON on input line 4390.
\c@Hy@tempcnt=\count301
 (/usr/share/texmf-dist/tex/latex/url/url.sty
\Urlmuskip=\muskip16
Package: url 2013/09/16  ver 3.4  Verb mode for urls, etc.
)
LaTeX Info: Redefining \url on input line 4749.
\XeTeXLinkMargin=\dimen266
 (/usr/share/texmf-dist/tex/generic/bitset/bitset.sty
Package: bitset 2019/12/09 v1.3 Handle bit-vector datatype (HO)
 (/usr/share/texmf-dist/tex/generic/bigintcalc/bigintcalc.sty
Package: bigintcalc 2019/12/15 v1.5 Expandable calculations on big integers (HO)
))
\Fld@menulength=\count302
\Field@Width=\dimen267
\Fld@charsize=\dimen268
Package hyperref Info: Hyper figures OFF on input line 6027.
Package hyperref Info: Link nesting OFF on input line 6032.
Package hyperref Info: Hyper index ON on input line 6035.
Package hyperref Info: backreferencing OFF on input line 6042.
Package hyperref Info: Link coloring OFF on input line 6047.
Package hyperref Info: Link coloring with OCG OFF on input line 6052.
Package hyperref Info: PDF/A mode OFF on input line 6057.
LaTeX Info: Redefining \ref on input line 6097.
LaTeX Info: Redefining \pageref on input line 6101.
\Hy@abspage=\count303


Package hyperref Message: Stopped early.

)
Package hyperref Info: Driver (autodetected): hpdftex.
 (/usr/share/texmf-dist/tex/latex/hyperref/hpdftex.def
File: hpdftex.def 2022-02-21 v7.00n Hyperref driver for pdfTeX
 (/usr/share/texmf-dist/tex/latex/base/atveryend-ltx.sty
Package: atveryend-ltx 2020/08/19 v1.0a Emulation of the original atveryend package
with kernel methods
)
\Fld@listcount=\count304
\c@bookmark@seq@number=\count305
 (/usr/share/texmf-dist/tex/latex/rerunfilecheck/rerunfilecheck.sty
Package: rerunfilecheck 2019/12/05 v1.9 Rerun checks for auxiliary files (HO)
 (/usr/share/texmf-dist/tex/generic/uniquecounter/uniquecounter.sty
Package: uniquecounter 2019/12/15 v1.4 Provide unlimited unique counter (HO)
)
Package uniquecounter Info: New unique counter `rerunfilecheck' on input line 286.
)) (/usr/share/texmf-dist/tex/latex/beamer/beamerbaserequires.sty (/usr/share/texmf-dist/tex/latex/beamer/beamerbasecompatibility.sty) (/usr/share/texmf-dist/tex/latex/beamer/beamerbasefont.sty (/usr/share/texmf-dist/tex/latex/amsfonts/amssymb.sty
Package: amssymb 2013/01/14 v3.01 AMS font symbols
 (/usr/share/texmf-dist/tex/latex/amsfonts/amsfonts.sty
Package: amsfonts 2013/01/14 v3.01 Basic AMSFonts support
\@emptytoks=\toks28
\symAMSa=\mathgroup4
\symAMSb=\mathgroup5
LaTeX Font Info:    Redeclaring math symbol \hbar on input line 98.
LaTeX Font Info:    Overwriting math alphabet `\mathfrak' in version `bold'
(Font)                  U/euf/m/n --> U/euf/b/n on input line 106.
)) (/usr/share/texmf-dist/tex/latex/sansmathaccent/sansmathaccent.sty
Package: sansmathaccent 2020/01/31
 (/usr/share/texmf-dist/tex/latex/koma-script/scrlfile.sty
Package: scrlfile 2021/11/13 v3.35 KOMA-Script package (file load hooks)
 (/usr/share/texmf-dist/tex/latex/koma-script/scrlfile-hook.sty
Package: scrlfile-hook 2021/11/13 v3.35 KOMA-Script package (using LaTeX hooks)
 (/usr/share/texmf-dist/tex/latex/koma-script/scrlogo.sty
Package: scrlogo 2021/11/13 v3.35 KOMA-Script package (logo)
))))) (/usr/share/texmf-dist/tex/latex/beamer/beamerbasetranslator.sty (/usr/share/texmf-dist/tex/latex/translator/translator.sty
Package: translator 2021-05-31 v1.12d Easy translation of strings in LaTeX
)) (/usr/share/texmf-dist/tex/latex/beamer/beamerbasemisc.sty) (/usr/share/texmf-dist/tex/latex/beamer/beamerbasetwoscreens.sty) (/usr/share/texmf-dist/tex/latex/beamer/beamerbaseoverlay.sty
\beamer@argscount=\count306
\beamer@lastskipcover=\skip50
\beamer@trivlistdepth=\count307
) (/usr/share/texmf-dist/tex/latex/beamer/beamerbasetitle.sty) (/usr/share/texmf-dist/tex/latex/beamer/beamerbasesection.sty
\c@lecture=\count308
\c@part=\count309
\c@section=\count310
\c@subsection=\count311
\c@subsubsection=\count312
) (/usr/share/texmf-dist/tex/latex/beamer/beamerbaseframe.sty
\beamer@framebox=\box65
\beamer@frametitlebox=\box66
\beamer@zoombox=\box67
\beamer@zoomcount=\count313
\beamer@zoomframecount=\count314
\beamer@frametextheight=\dimen269
\c@subsectionslide=\count315
\beamer@frametopskip=\skip51
\beamer@framebottomskip=\skip52
\beamer@frametopskipautobreak=\skip53
\beamer@framebottomskipautobreak=\skip54
\beamer@envbody=\toks29
\framewidth=\dimen270
\c@framenumber=\count316
) (/usr/share/texmf-dist/tex/latex/beamer/beamerbaseverbatim.sty
\beamer@verbatimfileout=\write4
) (/usr/share/texmf-dist/tex/latex/beamer/beamerbaseframesize.sty
\beamer@splitbox=\box68
\beamer@autobreakcount=\count317
\beamer@autobreaklastheight=\dimen271
\beamer@frametitletoks=\toks30
\beamer@framesubtitletoks=\toks31
) (/usr/share/texmf-dist/tex/latex/beamer/beamerbaseframecomponents.sty
\beamer@footins=\box69
) (/usr/share/texmf-dist/tex/latex/beamer/beamerbasecolor.sty) (/usr/share/texmf-dist/tex/latex/beamer/beamerbasenotes.sty
\beamer@frameboxcopy=\box70
) (/usr/share/texmf-dist/tex/latex/beamer/beamerbasetoc.sty) (/usr/share/texmf-dist/tex/latex/beamer/beamerbasetemplates.sty
\beamer@sbttoks=\toks32
 (/usr/share/texmf-dist/tex/latex/beamer/beamerbaseauxtemplates.sty (/usr/share/texmf-dist/tex/latex/beamer/beamerbaseboxes.sty
\bmb@box=\box71
\bmb@colorbox=\box72
\bmb@boxwidth=\dimen272
\bmb@boxheight=\dimen273
\bmb@prevheight=\dimen274
\bmb@temp=\dimen275
\bmb@dima=\dimen276
\bmb@dimb=\dimen277
\bmb@prevheight=\dimen278
)
\beamer@blockheadheight=\dimen279
)) (/usr/share/texmf-dist/tex/latex/beamer/beamerbaselocalstructure.sty (/usr/share/texmf-dist/tex/latex/tools/enumerate.sty
Package: enumerate 2015/07/23 v3.00 enumerate extensions (DPC)
\@enLab=\toks33
)
\beamer@bibiconwidth=\skip55
\c@figure=\count318
\c@table=\count319
\abovecaptionskip=\skip56
\belowcaptionskip=\skip57
) (/usr/share/texmf-dist/tex/latex/beamer/beamerbasenavigation.sty
\beamer@section@min@dim=\dimen280
) (/usr/share/texmf-dist/tex/latex/beamer/beamerbasetheorems.sty (/usr/share/texmf-dist/tex/latex/amsmath/amsmath.sty
Package: amsmath 2021/10/15 v2.17l AMS math features
\@mathmargin=\skip58

For additional information on amsmath, use the `?' option.
(/usr/share/texmf-dist/tex/latex/amsmath/amstext.sty
Package: amstext 2021/08/26 v2.01 AMS text
 (/usr/share/texmf-dist/tex/latex/amsmath/amsgen.sty
File: amsgen.sty 1999/11/30 v2.0 generic functions
\@emptytoks=\toks34
\ex@=\dimen281
)) (/usr/share/texmf-dist/tex/latex/amsmath/amsbsy.sty
Package: amsbsy 1999/11/29 v1.2d Bold Symbols
\pmbraise@=\dimen282
) (/usr/share/texmf-dist/tex/latex/amsmath/amsopn.sty
Package: amsopn 2021/08/26 v2.02 operator names
)
\inf@bad=\count320
LaTeX Info: Redefining \frac on input line 234.
\uproot@=\count321
\leftroot@=\count322
LaTeX Info: Redefining \overline on input line 399.
\classnum@=\count323
\DOTSCASE@=\count324
LaTeX Info: Redefining \ldots on input line 496.
LaTeX Info: Redefining \dots on input line 499.
LaTeX Info: Redefining \cdots on input line 620.
\Mathstrutbox@=\box73
\strutbox@=\box74
\big@size=\dimen283
LaTeX Font Info:    Redeclaring font encoding OML on input line 743.
LaTeX Font Info:    Redeclaring font encoding OMS on input line 744.
\macc@depth=\count325
\c@MaxMatrixCols=\count326
\dotsspace@=\muskip17
\c@parentequation=\count327
\dspbrk@lvl=\count328
\tag@help=\toks35
\row@=\count329
\column@=\count330
\maxfields@=\count331
\andhelp@=\toks36
\eqnshift@=\dimen284
\alignsep@=\dimen285
\tagshift@=\dimen286
\tagwidth@=\dimen287
\totwidth@=\dimen288
\lineht@=\dimen289
\@envbody=\toks37
\multlinegap=\skip59
\multlinetaggap=\skip60
\mathdisplay@stack=\toks38
LaTeX Info: Redefining \[ on input line 2938.
LaTeX Info: Redefining \] on input line 2939.
) (/usr/share/texmf-dist/tex/latex/amscls/amsthm.sty
Package: amsthm 2020/05/29 v2.20.6
\thm@style=\toks39
\thm@bodyfont=\toks40
\thm@headfont=\toks41
\thm@notefont=\toks42
\thm@headpunct=\toks43
\thm@preskip=\skip61
\thm@postskip=\skip62
\thm@headsep=\skip63
\dth@everypar=\toks44
)
\c@theorem=\count332
) (/usr/share/texmf-dist/tex/latex/beamer/beamerbasethemes.sty)) (/usr/share/texmf-dist/tex/latex/beamer/beamerthemedefault.sty (/usr/share/texmf-dist/tex/latex/beamer/beamerfontthemedefault.sty) (/usr/share/texmf-dist/tex/latex/beamer/beamercolorthemedefault.sty) (/usr/share/texmf-dist/tex/latex/beamer/beamerinnerthemedefault.sty
\beamer@dima=\dimen290
\beamer@dimb=\dimen291
) (/usr/share/texmf-dist/tex/latex/beamer/beamerouterthemedefault.sty))) (/usr/share/texmf-dist/tex/latex/beamer/beamerthemePaloAlto.sty (/usr/share/texmf-dist/tex/latex/beamer/beamerouterthemesidebar.sty
\beamer@sidebarwidth=\dimen292
\beamer@headheight=\dimen293
) (/usr/share/texmf-dist/tex/latex/beamer/beamerinnerthemerounded.sty) (/usr/share/texmf-dist/tex/latex/beamer/beamercolorthemeorchid.sty) (/usr/share/texmf-dist/tex/latex/beamer/beamercolorthemewhale.sty)) (/usr/share/texmf-dist/tex/latex/base/inputenc.sty
Package: inputenc 2021/02/14 v1.3d Input encoding file
\inpenc@prehook=\toks45
\inpenc@posthook=\toks46
) (/usr/share/texmf-dist/tex/generic/babel/babel.sty
Package: babel 2022/02/26 3.73 The Babel package
\babel@savecnt=\count333
\U@D=\dimen294
\l@unhyphenated=\language87
 (/usr/share/texmf-dist/tex/generic/babel/txtbabel.def)
\bbl@readstream=\read3
LaTeX Info: Redefining \textlatin on input line 3969.
\bbl@dirlevel=\count334
 (/usr/share/texmf-dist/tex/generic/babel-spanish/spanish.ldf
Language: spanish.ldf 2021/05/27 v5.0q Spanish support from the babel system
\es@quottoks=\toks47
\es@quotdepth=\count335
Package babel Info: Making " an active character on input line 570.
Package babel Info: Making . an active character on input line 675.
Package babel Info: Making < an active character on input line 722.
Package babel Info: Making > an active character on input line 722.
)) (/usr/share/texmf-dist/tex/latex/ragged2e/ragged2e.sty
Package: ragged2e 2021/12/15 v3.1 ragged2e Package
\CenteringLeftskip=\skip64
\RaggedLeftLeftskip=\skip65
\RaggedRightLeftskip=\skip66
\CenteringRightskip=\skip67
\RaggedLeftRightskip=\skip68
\RaggedRightRightskip=\skip69
\CenteringParfillskip=\skip70
\RaggedLeftParfillskip=\skip71
\RaggedRightParfillskip=\skip72
\JustifyingParfillskip=\skip73
\CenteringParindent=\skip74
\RaggedLeftParindent=\skip75
\RaggedRightParindent=\skip76
\JustifyingParindent=\skip77
) (/usr/share/texmf-dist/tex/latex/l3backend/l3backend-pdftex.def
File: l3backend-pdftex.def 2022-04-14 L3 backend support: PDF output (pdfTeX)
\l__color_backend_stack_int=\count336
\l__pdf_internal_box=\box75
) (./pres.aux
LaTeX Info: Redefining \. on input line 25.
LaTeX Info: Redefining \% on input line 25.
)
\openout1 = `pres.aux'.

LaTeX Font Info:    Checking defaults for OML/cmm/m/it on input line 25.
LaTeX Font Info:    ... okay on input line 25.
LaTeX Font Info:    Checking defaults for OMS/cmsy/m/n on input line 25.
LaTeX Font Info:    ... okay on input line 25.
LaTeX Font Info:    Checking defaults for OT1/cmr/m/n on input line 25.
LaTeX Font Info:    ... okay on input line 25.
LaTeX Font Info:    Checking defaults for T1/cmr/m/n on input line 25.
LaTeX Font Info:    ... okay on input line 25.
LaTeX Font Info:    Checking defaults for TS1/cmr/m/n on input line 25.
LaTeX Font Info:    ... okay on input line 25.
LaTeX Font Info:    Checking defaults for OMX/cmex/m/n on input line 25.
LaTeX Font Info:    ... okay on input line 25.
LaTeX Font Info:    Checking defaults for U/cmr/m/n on input line 25.
LaTeX Font Info:    ... okay on input line 25.
LaTeX Font Info:    Checking defaults for PD1/pdf/m/n on input line 25.
LaTeX Font Info:    ... okay on input line 25.
LaTeX Font Info:    Checking defaults for PU/pdf/m/n on input line 25.
LaTeX Font Info:    ... okay on input line 25.

*geometry* driver: auto-detecting
*geometry* detected driver: pdftex
*geometry* verbose mode - [ preamble ] result:
* driver: pdftex
* paper: custom
* layout: <same size as paper>
* layoutoffset:(h,v)=(0.0pt,0.0pt)
* modes: includehead includefoot 
* h-part:(L,W,R)=(59.22636pt, 290.74263pt, 14.22636pt)
* v-part:(T,H,B)=(0.0pt, 273.14662pt, 0.0pt)
* \paperwidth=364.19536pt
* \paperheight=273.14662pt
* \textwidth=290.74263pt
* \textheight=244.6939pt
* \oddsidemargin=-13.04362pt
* \evensidemargin=-13.04362pt
* \topmargin=-72.26999pt
* \headheight=14.22636pt
* \headsep=0.0pt
* \topskip=11.0pt
* \footskip=14.22636pt
* \marginparwidth=4.0pt
* \marginparsep=10.0pt
* \columnsep=10.0pt
* \skip\footins=10.0pt plus 4.0pt minus 2.0pt
* \hoffset=0.0pt
* \voffset=0.0pt
* \mag=1000
* \@twocolumnfalse
* \@twosidefalse
* \@mparswitchfalse
* \@reversemarginfalse
* (1in=72.27pt=25.4mm, 1cm=28.453pt)

(/usr/share/texmf-dist/tex/context/base/mkii/supp-pdf.mkii
[Loading MPS to PDF converter (version 2006.09.02).]
\scratchcounter=\count337
\scratchdimen=\dimen295
\scratchbox=\box76
\nofMPsegments=\count338
\nofMParguments=\count339
\everyMPshowfont=\toks48
\MPscratchCnt=\count340
\MPscratchDim=\dimen296
\MPnumerator=\count341
\makeMPintoPDFobject=\count342
\everyMPtoPDFconversion=\toks49
) (/usr/share/texmf-dist/tex/latex/epstopdf-pkg/epstopdf-base.sty
Package: epstopdf-base 2020-01-24 v2.11 Base part for package epstopdf
Package epstopdf-base Info: Redefining graphics rule for `.eps' on input line 485.
 (/usr/share/texmf-dist/tex/latex/latexconfig/epstopdf-sys.cfg
File: epstopdf-sys.cfg 2010/07/13 v1.3 Configuration of (r)epstopdf for TeX Live
))
Package hyperref Info: Link coloring OFF on input line 25.
 (/usr/share/texmf-dist/tex/latex/hyperref/nameref.sty
Package: nameref 2021-04-02 v2.47 Cross-referencing by name of section
 (/usr/share/texmf-dist/tex/latex/refcount/refcount.sty
Package: refcount 2019/12/15 v3.6 Data extraction from label references (HO)
) (/usr/share/texmf-dist/tex/generic/gettitlestring/gettitlestring.sty
Package: gettitlestring 2019/12/15 v1.6 Cleanup title references (HO)
)
\c@section@level=\count343
)
LaTeX Info: Redefining \ref on input line 25.
LaTeX Info: Redefining \pageref on input line 25.
LaTeX Info: Redefining \nameref on input line 25.
 (./pres.out) (./pres.out)
\@outlinefile=\write5
\openout5 = `pres.out'.

LaTeX Font Info:    Overwriting symbol font `operators' in version `normal'
(Font)                  OT1/cmr/m/n --> OT1/cmss/m/n on input line 25.
LaTeX Font Info:    Overwriting symbol font `operators' in version `bold'
(Font)                  OT1/cmr/bx/n --> OT1/cmss/b/n on input line 25.
\symnumbers=\mathgroup6
\sympureletters=\mathgroup7
LaTeX Font Info:    Overwriting math alphabet `\mathrm' in version `normal'
(Font)                  OT1/cmss/m/n --> OT1/cmr/m/n on input line 25.
LaTeX Font Info:    Redeclaring math alphabet \mathbf on input line 25.
LaTeX Font Info:    Overwriting math alphabet `\mathbf' in version `normal'
(Font)                  OT1/cmr/bx/n --> OT1/cmss/b/n on input line 25.
LaTeX Font Info:    Overwriting math alphabet `\mathbf' in version `bold'
(Font)                  OT1/cmr/bx/n --> OT1/cmss/b/n on input line 25.
LaTeX Font Info:    Redeclaring math alphabet \mathsf on input line 25.
LaTeX Font Info:    Overwriting math alphabet `\mathsf' in version `normal'
(Font)                  OT1/cmss/m/n --> OT1/cmss/m/n on input line 25.
LaTeX Font Info:    Overwriting math alphabet `\mathsf' in version `bold'
(Font)                  OT1/cmss/bx/n --> OT1/cmss/m/n on input line 25.
LaTeX Font Info:    Redeclaring math alphabet \mathit on input line 25.
LaTeX Font Info:    Overwriting math alphabet `\mathit' in version `normal'
(Font)                  OT1/cmr/m/it --> OT1/cmss/m/it on input line 25.
LaTeX Font Info:    Overwriting math alphabet `\mathit' in version `bold'
(Font)                  OT1/cmr/bx/it --> OT1/cmss/m/it on input line 25.
LaTeX Font Info:    Redeclaring math alphabet \mathtt on input line 25.
LaTeX Font Info:    Overwriting math alphabet `\mathtt' in version `normal'
(Font)                  OT1/cmtt/m/n --> OT1/cmtt/m/n on input line 25.
LaTeX Font Info:    Overwriting math alphabet `\mathtt' in version `bold'
(Font)                  OT1/cmtt/m/n --> OT1/cmtt/m/n on input line 25.
LaTeX Font Info:    Overwriting symbol font `numbers' in version `bold'
(Font)                  OT1/cmss/m/n --> OT1/cmss/b/n on input line 25.
LaTeX Font Info:    Overwriting symbol font `pureletters' in version `bold'
(Font)                  OT1/cmss/m/it --> OT1/cmss/b/it on input line 25.
LaTeX Font Info:    Overwriting math alphabet `\mathrm' in version `bold'
(Font)                  OT1/cmss/b/n --> OT1/cmr/b/n on input line 25.
LaTeX Font Info:    Overwriting math alphabet `\mathbf' in version `bold'
(Font)                  OT1/cmss/b/n --> OT1/cmss/b/n on input line 25.
LaTeX Font Info:    Overwriting math alphabet `\mathsf' in version `bold'
(Font)                  OT1/cmss/m/n --> OT1/cmss/b/n on input line 25.
LaTeX Font Info:    Overwriting math alphabet `\mathit' in version `bold'
(Font)                  OT1/cmss/m/it --> OT1/cmss/b/it on input line 25.
LaTeX Font Info:    Overwriting math alphabet `\mathtt' in version `bold'
(Font)                  OT1/cmtt/m/n --> OT1/cmtt/b/n on input line 25.
LaTeX Font Info:    Redeclaring symbol font `pureletters' on input line 25.
LaTeX Font Info:    Overwriting symbol font `pureletters' in version `normal'
(Font)                  OT1/cmss/m/it --> OT1/mathkerncmss/m/sl on input line 25.
LaTeX Font Info:    Overwriting symbol font `pureletters' in version `bold'
(Font)                  OT1/cmss/b/it --> OT1/mathkerncmss/m/sl on input line 25.
LaTeX Font Info:    Overwriting symbol font `pureletters' in version `bold'
(Font)                  OT1/mathkerncmss/m/sl --> OT1/mathkerncmss/bx/sl on input line 25.
 (/usr/share/texmf-dist/tex/latex/translator/translator-basic-dictionary-English.dict
Dictionary: translator-basic-dictionary, Language: English 
) (/usr/share/texmf-dist/tex/latex/translator/translator-bibliography-dictionary-English.dict
Dictionary: translator-bibliography-dictionary, Language: English 
) (/usr/share/texmf-dist/tex/latex/translator/translator-environment-dictionary-English.dict
Dictionary: translator-environment-dictionary, Language: English 
) (/usr/share/texmf-dist/tex/latex/translator/translator-months-dictionary-English.dict
Dictionary: translator-months-dictionary, Language: English 
) (/usr/share/texmf-dist/tex/latex/translator/translator-numbers-dictionary-English.dict
Dictionary: translator-numbers-dictionary, Language: English 
) (/usr/share/texmf-dist/tex/latex/translator/translator-theorem-dictionary-English.dict
Dictionary: translator-theorem-dictionary, Language: English 
)
LaTeX Info: Redefining \. on input line 25.
LaTeX Info: Redefining \% on input line 25.
 (./pres.nav)
<figures//fac-logo-w.png, id=61, 312.9291pt x 349.0641pt>
File: figures//fac-logo-w.png Graphic file (type png)
<use figures//fac-logo-w.png>
Package pdftex.def Info: figures//fac-logo-w.png  used on input line 25.
(pdftex.def)             Requested size: 39.83368pt x 44.43184pt.
File: figures//fac-logo-w.png Graphic file (type png)
<use figures//fac-logo-w.png>
Package pdftex.def Info: figures//fac-logo-w.png  used on input line 28.
(pdftex.def)             Requested size: 39.83368pt x 44.43184pt.
 [1{/var/lib/texmf/fonts/map/pdftex/updmap/pdftex.map}

 <./figures//fac-logo-w.png>]
File: figures//fac-logo-w.png Graphic file (type png)
<use figures//fac-logo-w.png>
Package pdftex.def Info: figures//fac-logo-w.png  used on input line 47.
(pdftex.def)             Requested size: 39.83368pt x 44.43184pt.
 [2

]
File: figures//fac-logo-w.png Graphic file (type png)
<use figures//fac-logo-w.png>
Package pdftex.def Info: figures//fac-logo-w.png  used on input line 59.
(pdftex.def)             Requested size: 39.83368pt x 44.43184pt.
 [3

]
LaTeX Font Info:    Trying to load font information for U+msa on input line 71.
 (/usr/share/texmf-dist/tex/latex/amsfonts/umsa.fd
File: umsa.fd 2013/01/14 v3.01 AMS symbols A
)
LaTeX Font Info:    Trying to load font information for U+msb on input line 71.
 (/usr/share/texmf-dist/tex/latex/amsfonts/umsb.fd
File: umsb.fd 2013/01/14 v3.01 AMS symbols B
)
LaTeX Font Info:    Trying to load font information for OT1+mathkerncmss on input line 71.
 (/usr/share/texmf-dist/tex/latex/sansmathaccent/ot1mathkerncmss.fd
File: ot1mathkerncmss.fd 2020/01/31 Fontinst v1.933 font definitions for OT1/mathkerncmss.
)
<figures//so.jpg, id=207, 258.21469pt x 267.24844pt>
File: figures//so.jpg Graphic file (type jpg)
<use figures//so.jpg>
Package pdftex.def Info: figures//so.jpg  used on input line 71.
(pdftex.def)             Requested size: 129.10703pt x 133.62389pt.
File: figures//fac-logo-w.png Graphic file (type png)
<use figures//fac-logo-w.png>
Package pdftex.def Info: figures//fac-logo-w.png  used on input line 71.
(pdftex.def)             Requested size: 39.83368pt x 44.43184pt.
 [4

 <./figures//so.jpg>]
File: figures//fac-logo-w.png Graphic file (type png)
<use figures//fac-logo-w.png>
Package pdftex.def Info: figures//fac-logo-w.png  used on input line 79.
(pdftex.def)             Requested size: 39.83368pt x 44.43184pt.
 [5

]
File: figures//fac-logo-w.png Graphic file (type png)
<use figures//fac-logo-w.png>
Package pdftex.def Info: figures//fac-logo-w.png  used on input line 93.
(pdftex.def)             Requested size: 39.83368pt x 44.43184pt.
 [6

]
File: figures//fac-logo-w.png Graphic file (type png)
<use figures//fac-logo-w.png>
Package pdftex.def Info: figures//fac-logo-w.png  used on input line 108.
(pdftex.def)             Requested size: 39.83368pt x 44.43184pt.
 [7

]
File: figures//fac-logo-w.png Graphic file (type png)
<use figures//fac-logo-w.png>
Package pdftex.def Info: figures//fac-logo-w.png  used on input line 124.
(pdftex.def)             Requested size: 39.83368pt x 44.43184pt.
 [8

]
File: figures//fac-logo-w.png Graphic file (type png)
<use figures//fac-logo-w.png>
Package pdftex.def Info: figures//fac-logo-w.png  used on input line 135.
(pdftex.def)             Requested size: 39.83368pt x 44.43184pt.
 [9

]
File: figures//fac-logo-w.png Graphic file (type png)
<use figures//fac-logo-w.png>
Package pdftex.def Info: figures//fac-logo-w.png  used on input line 148.
(pdftex.def)             Requested size: 39.83368pt x 44.43184pt.
 [10

]
File: figures//fac-logo-w.png Graphic file (type png)
<use figures//fac-logo-w.png>
Package pdftex.def Info: figures//fac-logo-w.png  used on input line 169.
(pdftex.def)             Requested size: 39.83368pt x 44.43184pt.
 [11

]
File: figures//fac-logo-w.png Graphic file (type png)
<use figures//fac-logo-w.png>
Package pdftex.def Info: figures//fac-logo-w.png  used on input line 180.
(pdftex.def)             Requested size: 39.83368pt x 44.43184pt.
 [12

]
File: figures//fac-logo-w.png Graphic file (type png)
<use figures//fac-logo-w.png>
Package pdftex.def Info: figures//fac-logo-w.png  used on input line 188.
(pdftex.def)             Requested size: 39.83368pt x 44.43184pt.
 [13

]
File: figures//fac-logo-w.png Graphic file (type png)
<use figures//fac-logo-w.png>
Package pdftex.def Info: figures//fac-logo-w.png  used on input line 199.
(pdftex.def)             Requested size: 39.83368pt x 44.43184pt.
 [14

]
<figures//kernel.jpg, id=633, 518.6878pt x 353.82187pt>
File: figures//kernel.jpg Graphic file (type jpg)
<use figures//kernel.jpg>
Package pdftex.def Info: figures//kernel.jpg  used on input line 214.
(pdftex.def)             Requested size: 155.60754pt x 106.14737pt.

Overfull \hbox (10.23624pt too wide) in paragraph at lines 214--214
[][]  
 []

File: figures//fac-logo-w.png Graphic file (type png)
<use figures//fac-logo-w.png>
Package pdftex.def Info: figures//fac-logo-w.png  used on input line 214.
(pdftex.def)             Requested size: 39.83368pt x 44.43184pt.
[15

 <./figures//kernel.jpg>]
File: figures//fac-logo-w.png Graphic file (type png)
<use figures//fac-logo-w.png>
Package pdftex.def Info: figures//fac-logo-w.png  used on input line 222.
(pdftex.def)             Requested size: 39.83368pt x 44.43184pt.
 [16

]
File: figures//fac-logo-w.png Graphic file (type png)
<use figures//fac-logo-w.png>
Package pdftex.def Info: figures//fac-logo-w.png  used on input line 236.
(pdftex.def)             Requested size: 39.83368pt x 44.43184pt.
 [17

]
<figures//w1.jpg, id=748, 469.755pt x 260.47313pt>
File: figures//w1.jpg Graphic file (type jpg)
<use figures//w1.jpg>
Package pdftex.def Info: figures//w1.jpg  used on input line 241.
(pdftex.def)             Requested size: 328.82626pt x 182.32994pt.

Overfull \hbox (38.08363pt too wide) in paragraph at lines 241--241
[][] 
 []

File: figures//fac-logo-w.png Graphic file (type png)
<use figures//fac-logo-w.png>
Package pdftex.def Info: figures//fac-logo-w.png  used on input line 241.
(pdftex.def)             Requested size: 39.83368pt x 44.43184pt.
[18

 <./figures//w1.jpg>]
File: figures//fac-logo-w.png Graphic file (type png)
<use figures//fac-logo-w.png>
Package pdftex.def Info: figures//fac-logo-w.png  used on input line 252.
(pdftex.def)             Requested size: 39.83368pt x 44.43184pt.
 [19

]
<figures//w2.jpg, id=827, 382.42876pt x 288.3272pt>
File: figures//w2.jpg Graphic file (type jpg)
<use figures//w2.jpg>
Package pdftex.def Info: figures//w2.jpg  used on input line 257.
(pdftex.def)             Requested size: 229.45901pt x 172.99763pt.
File: figures//fac-logo-w.png Graphic file (type png)
<use figures//fac-logo-w.png>
Package pdftex.def Info: figures//fac-logo-w.png  used on input line 257.
(pdftex.def)             Requested size: 39.83368pt x 44.43184pt.
 [20

 <./figures//w2.jpg>]
Overfull \vbox (0.53532pt too high) detected at line 269
 []

File: figures//fac-logo-w.png Graphic file (type png)
<use figures//fac-logo-w.png>
Package pdftex.def Info: figures//fac-logo-w.png  used on input line 269.
(pdftex.def)             Requested size: 39.83368pt x 44.43184pt.
[21

]
<figures//w3.jpg, id=905, 377.91188pt x 286.06876pt>
File: figures//w3.jpg Graphic file (type jpg)
<use figures//w3.jpg>
Package pdftex.def Info: figures//w3.jpg  used on input line 274.
(pdftex.def)             Requested size: 226.74887pt x 171.64258pt.
File: figures//fac-logo-w.png Graphic file (type png)
<use figures//fac-logo-w.png>
Package pdftex.def Info: figures//fac-logo-w.png  used on input line 274.
(pdftex.def)             Requested size: 39.83368pt x 44.43184pt.
 [22

 <./figures//w3.jpg>]
Overfull \vbox (12.53532pt too high) detected at line 287
 []

File: figures//fac-logo-w.png Graphic file (type png)
<use figures//fac-logo-w.png>
Package pdftex.def Info: figures//fac-logo-w.png  used on input line 287.
(pdftex.def)             Requested size: 39.83368pt x 44.43184pt.
[23

]
<figures//w95.jpg, id=982, 381.67593pt x 289.08pt>
File: figures//w95.jpg Graphic file (type jpg)
<use figures//w95.jpg>
Package pdftex.def Info: figures//w95.jpg  used on input line 292.
(pdftex.def)             Requested size: 229.00732pt x 173.44933pt.
File: figures//fac-logo-w.png Graphic file (type png)
<use figures//fac-logo-w.png>
Package pdftex.def Info: figures//fac-logo-w.png  used on input line 292.
(pdftex.def)             Requested size: 39.83368pt x 44.43184pt.
 [24

 <./figures//w95.jpg>]
File: figures//fac-logo-w.png Graphic file (type png)
<use figures//fac-logo-w.png>
Package pdftex.def Info: figures//fac-logo-w.png  used on input line 303.
(pdftex.def)             Requested size: 39.83368pt x 44.43184pt.
 [25

]
<figures//w98.jpg, id=1061, 385.44pt x 291.33844pt>
File: figures//w98.jpg Graphic file (type jpg)
<use figures//w98.jpg>
Package pdftex.def Info: figures//w98.jpg  used on input line 308.
(pdftex.def)             Requested size: 231.26578pt x 174.8044pt.
File: figures//fac-logo-w.png Graphic file (type png)
<use figures//fac-logo-w.png>
Package pdftex.def Info: figures//fac-logo-w.png  used on input line 308.
(pdftex.def)             Requested size: 39.83368pt x 44.43184pt.
 [26

 <./figures//w98.jpg>]
File: figures//fac-logo-w.png Graphic file (type png)
<use figures//fac-logo-w.png>
Package pdftex.def Info: figures//fac-logo-w.png  used on input line 319.
(pdftex.def)             Requested size: 39.83368pt x 44.43184pt.
 [27

]
<figures//w2k.jpg, id=1139, 377.91188pt x 286.06876pt>
File: figures//w2k.jpg Graphic file (type jpg)
<use figures//w2k.jpg>
Package pdftex.def Info: figures//w2k.jpg  used on input line 324.
(pdftex.def)             Requested size: 226.74887pt x 171.64258pt.
File: figures//fac-logo-w.png Graphic file (type png)
<use figures//fac-logo-w.png>
Package pdftex.def Info: figures//fac-logo-w.png  used on input line 324.
(pdftex.def)             Requested size: 39.83368pt x 44.43184pt.
 [28

 <./figures//w2k.jpg>]
File: figures//fac-logo-w.png Graphic file (type png)
<use figures//fac-logo-w.png>
Package pdftex.def Info: figures//fac-logo-w.png  used on input line 334.
(pdftex.def)             Requested size: 39.83368pt x 44.43184pt.
 [29

]
<figures//wme.jpg, id=1217, 388.45125pt x 294.34969pt>
File: figures//wme.jpg Graphic file (type jpg)
<use figures//wme.jpg>
Package pdftex.def Info: figures//wme.jpg  used on input line 339.
(pdftex.def)             Requested size: 233.07254pt x 176.61116pt.
File: figures//fac-logo-w.png Graphic file (type png)
<use figures//fac-logo-w.png>
Package pdftex.def Info: figures//fac-logo-w.png  used on input line 339.
(pdftex.def)             Requested size: 39.83368pt x 44.43184pt.
 [30

 <./figures//wme.jpg>]
File: figures//fac-logo-w.png Graphic file (type png)
<use figures//fac-logo-w.png>
Package pdftex.def Info: figures//fac-logo-w.png  used on input line 357.
(pdftex.def)             Requested size: 39.83368pt x 44.43184pt.
 [31

]
<figures//wxp.jpg, id=1295, 472.76625pt x 356.83313pt>
File: figures//wxp.jpg Graphic file (type jpg)
<use figures//wxp.jpg>
Package pdftex.def Info: figures//wxp.jpg  used on input line 362.
(pdftex.def)             Requested size: 236.38254pt x 178.41612pt.
File: figures//fac-logo-w.png Graphic file (type png)
<use figures//fac-logo-w.png>
Package pdftex.def Info: figures//fac-logo-w.png  used on input line 362.
(pdftex.def)             Requested size: 39.83368pt x 44.43184pt.
 [32

 <./figures//wxp.jpg>]
File: figures//fac-logo-w.png Graphic file (type png)
<use figures//fac-logo-w.png>
Package pdftex.def Info: figures//fac-logo-w.png  used on input line 375.
(pdftex.def)             Requested size: 39.83368pt x 44.43184pt.
 [33

]
<figures//wvista.jpg, id=1373, 474.27188pt x 359.09157pt>
File: figures//wvista.jpg Graphic file (type jpg)
<use figures//wvista.jpg>
Package pdftex.def Info: figures//wvista.jpg  used on input line 380.
(pdftex.def)             Requested size: 237.13536pt x 179.54533pt.
File: figures//fac-logo-w.png Graphic file (type png)
<use figures//fac-logo-w.png>
Package pdftex.def Info: figures//fac-logo-w.png  used on input line 380.
(pdftex.def)             Requested size: 39.83368pt x 44.43184pt.
 [34

 <./figures//wvista.jpg>]
File: figures//fac-logo-w.png Graphic file (type png)
<use figures//fac-logo-w.png>
Package pdftex.def Info: figures//fac-logo-w.png  used on input line 385.
(pdftex.def)             Requested size: 39.83368pt x 44.43184pt.
 [35

]
<figures//w7.jpg, id=1450, 376.40625pt x 286.06876pt>
File: figures//w7.jpg Graphic file (type jpg)
<use figures//w7.jpg>
Package pdftex.def Info: figures//w7.jpg  used on input line 390.
(pdftex.def)             Requested size: 255.95285pt x 194.52417pt.
File: figures//fac-logo-w.png Graphic file (type png)
<use figures//fac-logo-w.png>
Package pdftex.def Info: figures//fac-logo-w.png  used on input line 390.
(pdftex.def)             Requested size: 39.83368pt x 44.43184pt.
 [36

 <./figures//w7.jpg>]
File: figures//fac-logo-w.png Graphic file (type png)
<use figures//fac-logo-w.png>
Package pdftex.def Info: figures//fac-logo-w.png  used on input line 397.
(pdftex.def)             Requested size: 39.83368pt x 44.43184pt.
 [37

]
<figures//unixfil.jpg, id=1528, 741.52031pt x 350.05782pt>
File: figures//unixfil.jpg Graphic file (type jpg)
<use figures//unixfil.jpg>
Package pdftex.def Info: figures//unixfil.jpg  used on input line 402.
(pdftex.def)             Requested size: 296.60286pt x 140.02063pt.

Overfull \hbox (5.86023pt too wide) in paragraph at lines 402--402
[][] 
 []

File: figures//fac-logo-w.png Graphic file (type png)
<use figures//fac-logo-w.png>
Package pdftex.def Info: figures//fac-logo-w.png  used on input line 402.
(pdftex.def)             Requested size: 39.83368pt x 44.43184pt.
[38

 <./figures//unixfil.jpg>]
File: figures//fac-logo-w.png Graphic file (type png)
<use figures//fac-logo-w.png>
Package pdftex.def Info: figures//fac-logo-w.png  used on input line 410.
(pdftex.def)             Requested size: 39.83368pt x 44.43184pt.
 [39

]
File: figures//fac-logo-w.png Graphic file (type png)
<use figures//fac-logo-w.png>
Package pdftex.def Info: figures//fac-logo-w.png  used on input line 419.
(pdftex.def)             Requested size: 39.83368pt x 44.43184pt.
 [40

]
File: figures//fac-logo-w.png Graphic file (type png)
<use figures//fac-logo-w.png>
Package pdftex.def Info: figures//fac-logo-w.png  used on input line 427.
(pdftex.def)             Requested size: 39.83368pt x 44.43184pt.
 [41

]
File: figures//fac-logo-w.png Graphic file (type png)
<use figures//fac-logo-w.png>
Package pdftex.def Info: figures//fac-logo-w.png  used on input line 436.
(pdftex.def)             Requested size: 39.83368pt x 44.43184pt.
 [42

]
File: figures//fac-logo-w.png Graphic file (type png)
<use figures//fac-logo-w.png>
Package pdftex.def Info: figures//fac-logo-w.png  used on input line 445.
(pdftex.def)             Requested size: 39.83368pt x 44.43184pt.
 [43

]
File: figures//fac-logo-w.png Graphic file (type png)
<use figures//fac-logo-w.png>
Package pdftex.def Info: figures//fac-logo-w.png  used on input line 452.
(pdftex.def)             Requested size: 39.83368pt x 44.43184pt.
 [44

]
File: figures//fac-logo-w.png Graphic file (type png)
<use figures//fac-logo-w.png>
Package pdftex.def Info: figures//fac-logo-w.png  used on input line 459.
(pdftex.def)             Requested size: 39.83368pt x 44.43184pt.
 [45

]
File: figures//fac-logo-w.png Graphic file (type png)
<use figures//fac-logo-w.png>
Package pdftex.def Info: figures//fac-logo-w.png  used on input line 466.
(pdftex.def)             Requested size: 39.83368pt x 44.43184pt.
 [46

]
File: figures//fac-logo-w.png Graphic file (type png)
<use figures//fac-logo-w.png>
Package pdftex.def Info: figures//fac-logo-w.png  used on input line 473.
(pdftex.def)             Requested size: 39.83368pt x 44.43184pt.
 [47

]
File: figures//fac-logo-w.png Graphic file (type png)
<use figures//fac-logo-w.png>
Package pdftex.def Info: figures//fac-logo-w.png  used on input line 481.
(pdftex.def)             Requested size: 39.83368pt x 44.43184pt.
 [48

]
File: figures//fac-logo-w.png Graphic file (type png)
<use figures//fac-logo-w.png>
Package pdftex.def Info: figures//fac-logo-w.png  used on input line 488.
(pdftex.def)             Requested size: 39.83368pt x 44.43184pt.
 [49

]
File: figures//fac-logo-w.png Graphic file (type png)
<use figures//fac-logo-w.png>
Package pdftex.def Info: figures//fac-logo-w.png  used on input line 496.
(pdftex.def)             Requested size: 39.83368pt x 44.43184pt.
 [50

]
File: figures//fac-logo-w.png Graphic file (type png)
<use figures//fac-logo-w.png>
Package pdftex.def Info: figures//fac-logo-w.png  used on input line 504.
(pdftex.def)             Requested size: 39.83368pt x 44.43184pt.
 [51

]
File: figures//fac-logo-w.png Graphic file (type png)
<use figures//fac-logo-w.png>
Package pdftex.def Info: figures//fac-logo-w.png  used on input line 512.
(pdftex.def)             Requested size: 39.83368pt x 44.43184pt.
 [52

]
File: figures//fac-logo-w.png Graphic file (type png)
<use figures//fac-logo-w.png>
Package pdftex.def Info: figures//fac-logo-w.png  used on input line 520.
(pdftex.def)             Requested size: 39.83368pt x 44.43184pt.
 [53

]
File: figures//fac-logo-w.png Graphic file (type png)
<use figures//fac-logo-w.png>
Package pdftex.def Info: figures//fac-logo-w.png  used on input line 528.
(pdftex.def)             Requested size: 39.83368pt x 44.43184pt.
 [54

]
File: figures//fac-logo-w.png Graphic file (type png)
<use figures//fac-logo-w.png>
Package pdftex.def Info: figures//fac-logo-w.png  used on input line 535.
(pdftex.def)             Requested size: 39.83368pt x 44.43184pt.
 [55

]
File: figures//fac-logo-w.png Graphic file (type png)
<use figures//fac-logo-w.png>
Package pdftex.def Info: figures//fac-logo-w.png  used on input line 544.
(pdftex.def)             Requested size: 39.83368pt x 44.43184pt.
 [56

]
\tf@nav=\write6
\openout6 = `pres.nav'.

\tf@toc=\write7
\openout7 = `pres.toc'.

\tf@snm=\write8
\openout8 = `pres.snm'.

 (./pres.aux
LaTeX Info: Redefining \. on input line 25.
LaTeX Info: Redefining \% on input line 25.
)
Package rerunfilecheck Info: File `pres.out' has not changed.
(rerunfilecheck)             Checksum: 17DDAC91D73B241ECE3097AC87DBBF2D;1459.
 ) 
Here is how much of TeX's memory you used:
 23622 strings out of 478238
 455414 string characters out of 5850456
 720864 words of memory out of 5000000
 41242 multiletter control sequences out of 15000+600000
 476964 words of font info for 55 fonts, out of 8000000 for 9000
 1141 hyphenation exceptions out of 8191
 128i,20n,122p,498b,667s stack positions out of 5000i,500n,10000p,200000b,80000s
</usr/share/texmf-dist/fonts/type1/public/amsfonts/cm/cmss10.pfb></usr/share/texmf-dist/fonts/type1/public/amsfonts/cm/cmss12.pfb></usr/share/texmf-dist/fonts/type1/public/amsfonts/cm/cmss8.pfb></usr/share/texmf-dist/fonts/type1/public/amsfonts/cm/cmssbx10.pfb></usr/share/texmf-dist/fonts/type1/public/amsfonts/cm/cmssi10.pfb>
Output written on pres.pdf (56 pages, 1079409 bytes).
PDF statistics:
 2310 PDF objects out of 2487 (max. 8388607)
 2191 compressed objects within 22 object streams
 125 named destinations out of 1000 (max. 500000)
 257 words of extra memory for PDF output out of 10000 (max. 10000000)

